1: C1.Factibilidad 
2: C1.Factibilidad C2.ResolucionDirecciones 
3: C1.Factibilidad C2.ResolucionDirecciones C2.CalculadorDistancia 
4: C1.Factibilidad C2.ResolucionDirecciones C2.CalculadorDistancia C3.CoberturaFibra 
5: C1.Factibilidad C2.ResolucionDirecciones C2.CalculadorDistancia C3.CoberturaFibra C4.CatalogoRed 
7: C1.Factibilidad C2.ResolucionDirecciones C2.CalculadorDistancia C3.CoberturaFibra C5.CatalogoRed 
9: C1.Factibilidad C2.ResolucionDirecciones C2.CalculadorDistancia C3.CoberturaFibra C6.DatosCobertura 
10: C1.Factibilidad C2.ResolucionDirecciones C2.CalculadorDistancia C4.CoberturaFibra 
11: C1.Factibilidad C2.ResolucionDirecciones C2.CalculadorDistancia C4.CoberturaFibra C4.CatalogoRed 
13: C1.Factibilidad C2.ResolucionDirecciones C2.CalculadorDistancia C4.CoberturaFibra C5.CatalogoRed 
15: C1.Factibilidad C2.ResolucionDirecciones C2.CalculadorDistancia C4.CoberturaFibra C6.DatosCobertura 
16: C1.Factibilidad C2.ResolucionDirecciones C2.CalculadorDistancia C4.CatalogoRed 
17: C1.Factibilidad C2.ResolucionDirecciones C2.CalculadorDistancia C4.CatalogoRed C4.CoberturaFibra 
19: C1.Factibilidad C2.ResolucionDirecciones C2.CalculadorDistancia C4.CatalogoRed C6.DatosCobertura 
20: C1.Factibilidad C2.ResolucionDirecciones C2.CalculadorDistancia C5.CatalogoRed 
21: C1.Factibilidad C2.ResolucionDirecciones C2.CalculadorDistancia C5.CatalogoRed C6.DatosCobertura 
22: C1.Factibilidad C2.ResolucionDirecciones C2.CalculadorDistancia C6.DatosCobertura 
23: C1.Factibilidad C2.ResolucionDirecciones C3.CoberturaFibra 
24: C1.Factibilidad C2.ResolucionDirecciones C3.CoberturaFibra C4.CatalogoRed 
25: C1.Factibilidad C2.ResolucionDirecciones C3.CoberturaFibra C4.CatalogoRed C6.DatosCobertura 
27: C1.Factibilidad C2.ResolucionDirecciones C3.CoberturaFibra C4.CatalogoRed C7.CalculadorDistancia 
28: C1.Factibilidad C2.ResolucionDirecciones C3.CoberturaFibra C5.CatalogoRed 
29: C1.Factibilidad C2.ResolucionDirecciones C3.CoberturaFibra C5.CatalogoRed C6.DatosCobertura 
31: C1.Factibilidad C2.ResolucionDirecciones C3.CoberturaFibra C5.CatalogoRed C7.CalculadorDistancia 
32: C1.Factibilidad C2.ResolucionDirecciones C3.CoberturaFibra C6.DatosCobertura 
33: C1.Factibilidad C2.ResolucionDirecciones C3.CoberturaFibra C6.DatosCobertura C7.CalculadorDistancia 
34: C1.Factibilidad C2.ResolucionDirecciones C3.CoberturaFibra C7.CalculadorDistancia 
35: C1.Factibilidad C2.ResolucionDirecciones C4.CoberturaFibra 
36: C1.Factibilidad C2.ResolucionDirecciones C4.CoberturaFibra C4.CatalogoRed 
37: C1.Factibilidad C2.ResolucionDirecciones C4.CoberturaFibra C4.CatalogoRed C6.DatosCobertura 
39: C1.Factibilidad C2.ResolucionDirecciones C4.CoberturaFibra C4.CatalogoRed C7.CalculadorDistancia 
40: C1.Factibilidad C2.ResolucionDirecciones C4.CoberturaFibra C5.CatalogoRed 
41: C1.Factibilidad C2.ResolucionDirecciones C4.CoberturaFibra C5.CatalogoRed C6.DatosCobertura 
43: C1.Factibilidad C2.ResolucionDirecciones C4.CoberturaFibra C5.CatalogoRed C7.CalculadorDistancia 
44: C1.Factibilidad C2.ResolucionDirecciones C4.CoberturaFibra C6.DatosCobertura 
45: C1.Factibilidad C2.ResolucionDirecciones C4.CoberturaFibra C6.DatosCobertura C7.CalculadorDistancia 
46: C1.Factibilidad C2.ResolucionDirecciones C4.CoberturaFibra C7.CalculadorDistancia 
47: C1.Factibilidad C2.ResolucionDirecciones C4.CatalogoRed 
48: C1.Factibilidad C2.ResolucionDirecciones C4.CatalogoRed C4.CoberturaFibra 
49: C1.Factibilidad C2.ResolucionDirecciones C4.CatalogoRed C4.CoberturaFibra C6.DatosCobertura 
51: C1.Factibilidad C2.ResolucionDirecciones C4.CatalogoRed C4.CoberturaFibra C7.CalculadorDistancia 
52: C1.Factibilidad C2.ResolucionDirecciones C4.CatalogoRed C6.DatosCobertura 
53: C1.Factibilidad C2.ResolucionDirecciones C4.CatalogoRed C6.DatosCobertura C7.CalculadorDistancia 
54: C1.Factibilidad C2.ResolucionDirecciones C4.CatalogoRed C7.CalculadorDistancia 
55: C1.Factibilidad C2.ResolucionDirecciones C5.CatalogoRed 
56: C1.Factibilidad C2.ResolucionDirecciones C5.CatalogoRed C6.DatosCobertura 
57: C1.Factibilidad C2.ResolucionDirecciones C5.CatalogoRed C6.DatosCobertura C7.CalculadorDistancia 
58: C1.Factibilidad C2.ResolucionDirecciones C5.CatalogoRed C7.CalculadorDistancia 
59: C1.Factibilidad C2.ResolucionDirecciones C6.DatosCobertura 
60: C1.Factibilidad C2.ResolucionDirecciones C6.DatosCobertura C7.CalculadorDistancia 
61: C1.Factibilidad C2.ResolucionDirecciones C7.CalculadorDistancia 
62: C1.Factibilidad C2.CalculadorDistancia 
63: C1.Factibilidad C2.CalculadorDistancia C2.ResolucionDirecciones 
64: C1.Factibilidad C2.CalculadorDistancia C2.ResolucionDirecciones C3.CoberturaFibra 
65: C1.Factibilidad C2.CalculadorDistancia C2.ResolucionDirecciones C3.CoberturaFibra C4.CatalogoRed 
67: C1.Factibilidad C2.CalculadorDistancia C2.ResolucionDirecciones C3.CoberturaFibra C5.CatalogoRed 
69: C1.Factibilidad C2.CalculadorDistancia C2.ResolucionDirecciones C3.CoberturaFibra C6.DatosCobertura 
70: C1.Factibilidad C2.CalculadorDistancia C2.ResolucionDirecciones C4.CoberturaFibra 
71: C1.Factibilidad C2.CalculadorDistancia C2.ResolucionDirecciones C4.CoberturaFibra C4.CatalogoRed 
73: C1.Factibilidad C2.CalculadorDistancia C2.ResolucionDirecciones C4.CoberturaFibra C5.CatalogoRed 
75: C1.Factibilidad C2.CalculadorDistancia C2.ResolucionDirecciones C4.CoberturaFibra C6.DatosCobertura 
76: C1.Factibilidad C2.CalculadorDistancia C2.ResolucionDirecciones C4.CatalogoRed 
77: C1.Factibilidad C2.CalculadorDistancia C2.ResolucionDirecciones C4.CatalogoRed C4.CoberturaFibra 
79: C1.Factibilidad C2.CalculadorDistancia C2.ResolucionDirecciones C4.CatalogoRed C6.DatosCobertura 
80: C1.Factibilidad C2.CalculadorDistancia C2.ResolucionDirecciones C5.CatalogoRed 
81: C1.Factibilidad C2.CalculadorDistancia C2.ResolucionDirecciones C5.CatalogoRed C6.DatosCobertura 
82: C1.Factibilidad C2.CalculadorDistancia C2.ResolucionDirecciones C6.DatosCobertura 
83: C1.Factibilidad C2.CalculadorDistancia C3.CoberturaFibra 
84: C1.Factibilidad C2.CalculadorDistancia C3.CoberturaFibra C4.CatalogoRed 
85: C1.Factibilidad C2.CalculadorDistancia C3.CoberturaFibra C4.CatalogoRed C6.DatosCobertura 
86: C1.Factibilidad C2.CalculadorDistancia C3.CoberturaFibra C5.CatalogoRed 
87: C1.Factibilidad C2.CalculadorDistancia C3.CoberturaFibra C5.CatalogoRed C6.DatosCobertura 
88: C1.Factibilidad C2.CalculadorDistancia C3.CoberturaFibra C6.DatosCobertura 
89: C1.Factibilidad C2.CalculadorDistancia C4.CoberturaFibra 
90: C1.Factibilidad C2.CalculadorDistancia C4.CoberturaFibra C4.CatalogoRed 
91: C1.Factibilidad C2.CalculadorDistancia C4.CoberturaFibra C4.CatalogoRed C6.DatosCobertura 
92: C1.Factibilidad C2.CalculadorDistancia C4.CoberturaFibra C5.CatalogoRed 
93: C1.Factibilidad C2.CalculadorDistancia C4.CoberturaFibra C5.CatalogoRed C6.DatosCobertura 
94: C1.Factibilidad C2.CalculadorDistancia C4.CoberturaFibra C6.DatosCobertura 
95: C1.Factibilidad C2.CalculadorDistancia C4.CatalogoRed 
96: C1.Factibilidad C2.CalculadorDistancia C4.CatalogoRed C4.CoberturaFibra 
97: C1.Factibilidad C2.CalculadorDistancia C4.CatalogoRed C4.CoberturaFibra C6.DatosCobertura 
98: C1.Factibilidad C2.CalculadorDistancia C4.CatalogoRed C6.DatosCobertura 
99: C1.Factibilidad C2.CalculadorDistancia C5.CatalogoRed 
100: C1.Factibilidad C2.CalculadorDistancia C5.CatalogoRed C6.DatosCobertura 
101: C1.Factibilidad C2.CalculadorDistancia C6.DatosCobertura 
102: C1.Factibilidad C3.CoberturaFibra 
103: C1.Factibilidad C3.CoberturaFibra C4.CatalogoRed 
104: C1.Factibilidad C3.CoberturaFibra C4.CatalogoRed C6.DatosCobertura 
105: C1.Factibilidad C3.CoberturaFibra C4.CatalogoRed C6.DatosCobertura C7.CalculadorDistancia 
106: C1.Factibilidad C3.CoberturaFibra C4.CatalogoRed C7.CalculadorDistancia 
107: C1.Factibilidad C3.CoberturaFibra C5.CatalogoRed 
108: C1.Factibilidad C3.CoberturaFibra C5.CatalogoRed C6.DatosCobertura 
109: C1.Factibilidad C3.CoberturaFibra C5.CatalogoRed C6.DatosCobertura C7.CalculadorDistancia 
110: C1.Factibilidad C3.CoberturaFibra C5.CatalogoRed C7.CalculadorDistancia 
111: C1.Factibilidad C3.CoberturaFibra C6.DatosCobertura 
112: C1.Factibilidad C3.CoberturaFibra C6.DatosCobertura C7.CalculadorDistancia 
113: C1.Factibilidad C3.CoberturaFibra C7.CalculadorDistancia 
114: C1.Factibilidad C4.CoberturaFibra 
115: C1.Factibilidad C4.CoberturaFibra C4.CatalogoRed 
116: C1.Factibilidad C4.CoberturaFibra C4.CatalogoRed C6.DatosCobertura 
117: C1.Factibilidad C4.CoberturaFibra C4.CatalogoRed C6.DatosCobertura C7.CalculadorDistancia 
118: C1.Factibilidad C4.CoberturaFibra C4.CatalogoRed C7.CalculadorDistancia 
119: C1.Factibilidad C4.CoberturaFibra C5.CatalogoRed 
120: C1.Factibilidad C4.CoberturaFibra C5.CatalogoRed C6.DatosCobertura 
121: C1.Factibilidad C4.CoberturaFibra C5.CatalogoRed C6.DatosCobertura C7.CalculadorDistancia 
122: C1.Factibilidad C4.CoberturaFibra C5.CatalogoRed C7.CalculadorDistancia 
123: C1.Factibilidad C4.CoberturaFibra C6.DatosCobertura 
124: C1.Factibilidad C4.CoberturaFibra C6.DatosCobertura C7.CalculadorDistancia 
125: C1.Factibilidad C4.CoberturaFibra C7.CalculadorDistancia 
126: C1.Factibilidad C4.CatalogoRed 
127: C1.Factibilidad C4.CatalogoRed C4.CoberturaFibra 
128: C1.Factibilidad C4.CatalogoRed C4.CoberturaFibra C6.DatosCobertura 
129: C1.Factibilidad C4.CatalogoRed C4.CoberturaFibra C6.DatosCobertura C7.CalculadorDistancia 
130: C1.Factibilidad C4.CatalogoRed C4.CoberturaFibra C7.CalculadorDistancia 
131: C1.Factibilidad C4.CatalogoRed C6.DatosCobertura 
132: C1.Factibilidad C4.CatalogoRed C6.DatosCobertura C7.CalculadorDistancia 
133: C1.Factibilidad C4.CatalogoRed C7.CalculadorDistancia 
134: C1.Factibilidad C5.CatalogoRed 
135: C1.Factibilidad C5.CatalogoRed C6.DatosCobertura 
136: C1.Factibilidad C5.CatalogoRed C6.DatosCobertura C7.CalculadorDistancia 
137: C1.Factibilidad C5.CatalogoRed C7.CalculadorDistancia 
138: C1.Factibilidad C6.DatosCobertura 
139: C1.Factibilidad C6.DatosCobertura C7.CalculadorDistancia 
140: C1.Factibilidad C7.CalculadorDistancia 
141: C2.ResolucionDirecciones 
142: C2.ResolucionDirecciones C2.CalculadorDistancia 
143: C2.ResolucionDirecciones C2.CalculadorDistancia C3.CoberturaFibra 
144: C2.ResolucionDirecciones C2.CalculadorDistancia C3.CoberturaFibra C4.CatalogoRed 
145: C2.ResolucionDirecciones C2.CalculadorDistancia C3.CoberturaFibra C4.CatalogoRed C6.DatosCobertura 
147: C2.ResolucionDirecciones C2.CalculadorDistancia C3.CoberturaFibra C4.CatalogoRed C8.Factibilidad 
148: C2.ResolucionDirecciones C2.CalculadorDistancia C3.CoberturaFibra C5.CatalogoRed 
149: C2.ResolucionDirecciones C2.CalculadorDistancia C3.CoberturaFibra C5.CatalogoRed C6.DatosCobertura 
151: C2.ResolucionDirecciones C2.CalculadorDistancia C3.CoberturaFibra C5.CatalogoRed C8.Factibilidad 
152: C2.ResolucionDirecciones C2.CalculadorDistancia C3.CoberturaFibra C6.DatosCobertura 
153: C2.ResolucionDirecciones C2.CalculadorDistancia C3.CoberturaFibra C6.DatosCobertura C8.Factibilidad 
154: C2.ResolucionDirecciones C2.CalculadorDistancia C3.CoberturaFibra C8.Factibilidad 
155: C2.ResolucionDirecciones C2.CalculadorDistancia C4.CoberturaFibra 
156: C2.ResolucionDirecciones C2.CalculadorDistancia C4.CoberturaFibra C4.CatalogoRed 
157: C2.ResolucionDirecciones C2.CalculadorDistancia C4.CoberturaFibra C4.CatalogoRed C6.DatosCobertura 
159: C2.ResolucionDirecciones C2.CalculadorDistancia C4.CoberturaFibra C4.CatalogoRed C8.Factibilidad 
160: C2.ResolucionDirecciones C2.CalculadorDistancia C4.CoberturaFibra C5.CatalogoRed 
161: C2.ResolucionDirecciones C2.CalculadorDistancia C4.CoberturaFibra C5.CatalogoRed C6.DatosCobertura 
163: C2.ResolucionDirecciones C2.CalculadorDistancia C4.CoberturaFibra C5.CatalogoRed C8.Factibilidad 
164: C2.ResolucionDirecciones C2.CalculadorDistancia C4.CoberturaFibra C6.DatosCobertura 
165: C2.ResolucionDirecciones C2.CalculadorDistancia C4.CoberturaFibra C6.DatosCobertura C8.Factibilidad 
166: C2.ResolucionDirecciones C2.CalculadorDistancia C4.CoberturaFibra C8.Factibilidad 
167: C2.ResolucionDirecciones C2.CalculadorDistancia C4.CatalogoRed 
168: C2.ResolucionDirecciones C2.CalculadorDistancia C4.CatalogoRed C4.CoberturaFibra 
169: C2.ResolucionDirecciones C2.CalculadorDistancia C4.CatalogoRed C4.CoberturaFibra C6.DatosCobertura 
171: C2.ResolucionDirecciones C2.CalculadorDistancia C4.CatalogoRed C4.CoberturaFibra C8.Factibilidad 
172: C2.ResolucionDirecciones C2.CalculadorDistancia C4.CatalogoRed C6.DatosCobertura 
173: C2.ResolucionDirecciones C2.CalculadorDistancia C4.CatalogoRed C6.DatosCobertura C8.Factibilidad 
174: C2.ResolucionDirecciones C2.CalculadorDistancia C4.CatalogoRed C8.Factibilidad 
175: C2.ResolucionDirecciones C2.CalculadorDistancia C5.CatalogoRed 
176: C2.ResolucionDirecciones C2.CalculadorDistancia C5.CatalogoRed C6.DatosCobertura 
177: C2.ResolucionDirecciones C2.CalculadorDistancia C5.CatalogoRed C6.DatosCobertura C8.Factibilidad 
178: C2.ResolucionDirecciones C2.CalculadorDistancia C5.CatalogoRed C8.Factibilidad 
179: C2.ResolucionDirecciones C2.CalculadorDistancia C6.DatosCobertura 
180: C2.ResolucionDirecciones C2.CalculadorDistancia C6.DatosCobertura C8.Factibilidad 
181: C2.ResolucionDirecciones C2.CalculadorDistancia C8.Factibilidad 
182: C2.ResolucionDirecciones C3.CoberturaFibra 
183: C2.ResolucionDirecciones C3.CoberturaFibra C4.CatalogoRed 
184: C2.ResolucionDirecciones C3.CoberturaFibra C4.CatalogoRed C6.DatosCobertura 
185: C2.ResolucionDirecciones C3.CoberturaFibra C4.CatalogoRed C6.DatosCobertura C7.CalculadorDistancia 
187: C2.ResolucionDirecciones C3.CoberturaFibra C4.CatalogoRed C6.DatosCobertura C8.Factibilidad 
188: C2.ResolucionDirecciones C3.CoberturaFibra C4.CatalogoRed C7.CalculadorDistancia 
189: C2.ResolucionDirecciones C3.CoberturaFibra C4.CatalogoRed C7.CalculadorDistancia C8.Factibilidad 
190: C2.ResolucionDirecciones C3.CoberturaFibra C4.CatalogoRed C8.Factibilidad 
191: C2.ResolucionDirecciones C3.CoberturaFibra C5.CatalogoRed 
192: C2.ResolucionDirecciones C3.CoberturaFibra C5.CatalogoRed C6.DatosCobertura 
193: C2.ResolucionDirecciones C3.CoberturaFibra C5.CatalogoRed C6.DatosCobertura C7.CalculadorDistancia 
195: C2.ResolucionDirecciones C3.CoberturaFibra C5.CatalogoRed C6.DatosCobertura C8.Factibilidad 
196: C2.ResolucionDirecciones C3.CoberturaFibra C5.CatalogoRed C7.CalculadorDistancia 
197: C2.ResolucionDirecciones C3.CoberturaFibra C5.CatalogoRed C7.CalculadorDistancia C8.Factibilidad 
198: C2.ResolucionDirecciones C3.CoberturaFibra C5.CatalogoRed C8.Factibilidad 
199: C2.ResolucionDirecciones C3.CoberturaFibra C6.DatosCobertura 
200: C2.ResolucionDirecciones C3.CoberturaFibra C6.DatosCobertura C7.CalculadorDistancia 
201: C2.ResolucionDirecciones C3.CoberturaFibra C6.DatosCobertura C7.CalculadorDistancia C8.Factibilidad 
202: C2.ResolucionDirecciones C3.CoberturaFibra C6.DatosCobertura C8.Factibilidad 
203: C2.ResolucionDirecciones C3.CoberturaFibra C7.CalculadorDistancia 
204: C2.ResolucionDirecciones C3.CoberturaFibra C7.CalculadorDistancia C8.Factibilidad 
205: C2.ResolucionDirecciones C3.CoberturaFibra C8.Factibilidad 
206: C2.ResolucionDirecciones C4.CoberturaFibra 
207: C2.ResolucionDirecciones C4.CoberturaFibra C4.CatalogoRed 
208: C2.ResolucionDirecciones C4.CoberturaFibra C4.CatalogoRed C6.DatosCobertura 
209: C2.ResolucionDirecciones C4.CoberturaFibra C4.CatalogoRed C6.DatosCobertura C7.CalculadorDistancia 
211: C2.ResolucionDirecciones C4.CoberturaFibra C4.CatalogoRed C6.DatosCobertura C8.Factibilidad 
212: C2.ResolucionDirecciones C4.CoberturaFibra C4.CatalogoRed C7.CalculadorDistancia 
213: C2.ResolucionDirecciones C4.CoberturaFibra C4.CatalogoRed C7.CalculadorDistancia C8.Factibilidad 
214: C2.ResolucionDirecciones C4.CoberturaFibra C4.CatalogoRed C8.Factibilidad 
215: C2.ResolucionDirecciones C4.CoberturaFibra C5.CatalogoRed 
216: C2.ResolucionDirecciones C4.CoberturaFibra C5.CatalogoRed C6.DatosCobertura 
217: C2.ResolucionDirecciones C4.CoberturaFibra C5.CatalogoRed C6.DatosCobertura C7.CalculadorDistancia 
219: C2.ResolucionDirecciones C4.CoberturaFibra C5.CatalogoRed C6.DatosCobertura C8.Factibilidad 
220: C2.ResolucionDirecciones C4.CoberturaFibra C5.CatalogoRed C7.CalculadorDistancia 
221: C2.ResolucionDirecciones C4.CoberturaFibra C5.CatalogoRed C7.CalculadorDistancia C8.Factibilidad 
222: C2.ResolucionDirecciones C4.CoberturaFibra C5.CatalogoRed C8.Factibilidad 
223: C2.ResolucionDirecciones C4.CoberturaFibra C6.DatosCobertura 
224: C2.ResolucionDirecciones C4.CoberturaFibra C6.DatosCobertura C7.CalculadorDistancia 
225: C2.ResolucionDirecciones C4.CoberturaFibra C6.DatosCobertura C7.CalculadorDistancia C8.Factibilidad 
226: C2.ResolucionDirecciones C4.CoberturaFibra C6.DatosCobertura C8.Factibilidad 
227: C2.ResolucionDirecciones C4.CoberturaFibra C7.CalculadorDistancia 
228: C2.ResolucionDirecciones C4.CoberturaFibra C7.CalculadorDistancia C8.Factibilidad 
229: C2.ResolucionDirecciones C4.CoberturaFibra C8.Factibilidad 
230: C2.ResolucionDirecciones C4.CatalogoRed 
231: C2.ResolucionDirecciones C4.CatalogoRed C4.CoberturaFibra 
232: C2.ResolucionDirecciones C4.CatalogoRed C4.CoberturaFibra C6.DatosCobertura 
233: C2.ResolucionDirecciones C4.CatalogoRed C4.CoberturaFibra C6.DatosCobertura C7.CalculadorDistancia 
235: C2.ResolucionDirecciones C4.CatalogoRed C4.CoberturaFibra C6.DatosCobertura C8.Factibilidad 
236: C2.ResolucionDirecciones C4.CatalogoRed C4.CoberturaFibra C7.CalculadorDistancia 
237: C2.ResolucionDirecciones C4.CatalogoRed C4.CoberturaFibra C7.CalculadorDistancia C8.Factibilidad 
238: C2.ResolucionDirecciones C4.CatalogoRed C4.CoberturaFibra C8.Factibilidad 
239: C2.ResolucionDirecciones C4.CatalogoRed C6.DatosCobertura 
240: C2.ResolucionDirecciones C4.CatalogoRed C6.DatosCobertura C7.CalculadorDistancia 
241: C2.ResolucionDirecciones C4.CatalogoRed C6.DatosCobertura C7.CalculadorDistancia C8.Factibilidad 
242: C2.ResolucionDirecciones C4.CatalogoRed C6.DatosCobertura C8.Factibilidad 
243: C2.ResolucionDirecciones C4.CatalogoRed C7.CalculadorDistancia 
244: C2.ResolucionDirecciones C4.CatalogoRed C7.CalculadorDistancia C8.Factibilidad 
245: C2.ResolucionDirecciones C4.CatalogoRed C8.Factibilidad 
246: C2.ResolucionDirecciones C5.CatalogoRed 
247: C2.ResolucionDirecciones C5.CatalogoRed C6.DatosCobertura 
248: C2.ResolucionDirecciones C5.CatalogoRed C6.DatosCobertura C7.CalculadorDistancia 
249: C2.ResolucionDirecciones C5.CatalogoRed C6.DatosCobertura C7.CalculadorDistancia C8.Factibilidad 
250: C2.ResolucionDirecciones C5.CatalogoRed C6.DatosCobertura C8.Factibilidad 
251: C2.ResolucionDirecciones C5.CatalogoRed C7.CalculadorDistancia 
252: C2.ResolucionDirecciones C5.CatalogoRed C7.CalculadorDistancia C8.Factibilidad 
253: C2.ResolucionDirecciones C5.CatalogoRed C8.Factibilidad 
254: C2.ResolucionDirecciones C6.DatosCobertura 
255: C2.ResolucionDirecciones C6.DatosCobertura C7.CalculadorDistancia 
256: C2.ResolucionDirecciones C6.DatosCobertura C7.CalculadorDistancia C8.Factibilidad 
257: C2.ResolucionDirecciones C6.DatosCobertura C8.Factibilidad 
258: C2.ResolucionDirecciones C7.CalculadorDistancia 
259: C2.ResolucionDirecciones C7.CalculadorDistancia C8.Factibilidad 
260: C2.ResolucionDirecciones C8.Factibilidad 
261: C2.CalculadorDistancia 
262: C2.CalculadorDistancia C2.ResolucionDirecciones 
263: C2.CalculadorDistancia C2.ResolucionDirecciones C3.CoberturaFibra 
264: C2.CalculadorDistancia C2.ResolucionDirecciones C3.CoberturaFibra C4.CatalogoRed 
265: C2.CalculadorDistancia C2.ResolucionDirecciones C3.CoberturaFibra C4.CatalogoRed C6.DatosCobertura 
267: C2.CalculadorDistancia C2.ResolucionDirecciones C3.CoberturaFibra C4.CatalogoRed C8.Factibilidad 
268: C2.CalculadorDistancia C2.ResolucionDirecciones C3.CoberturaFibra C5.CatalogoRed 
269: C2.CalculadorDistancia C2.ResolucionDirecciones C3.CoberturaFibra C5.CatalogoRed C6.DatosCobertura 
271: C2.CalculadorDistancia C2.ResolucionDirecciones C3.CoberturaFibra C5.CatalogoRed C8.Factibilidad 
272: C2.CalculadorDistancia C2.ResolucionDirecciones C3.CoberturaFibra C6.DatosCobertura 
273: C2.CalculadorDistancia C2.ResolucionDirecciones C3.CoberturaFibra C6.DatosCobertura C8.Factibilidad 
274: C2.CalculadorDistancia C2.ResolucionDirecciones C3.CoberturaFibra C8.Factibilidad 
275: C2.CalculadorDistancia C2.ResolucionDirecciones C4.CoberturaFibra 
276: C2.CalculadorDistancia C2.ResolucionDirecciones C4.CoberturaFibra C4.CatalogoRed 
277: C2.CalculadorDistancia C2.ResolucionDirecciones C4.CoberturaFibra C4.CatalogoRed C6.DatosCobertura 
279: C2.CalculadorDistancia C2.ResolucionDirecciones C4.CoberturaFibra C4.CatalogoRed C8.Factibilidad 
280: C2.CalculadorDistancia C2.ResolucionDirecciones C4.CoberturaFibra C5.CatalogoRed 
281: C2.CalculadorDistancia C2.ResolucionDirecciones C4.CoberturaFibra C5.CatalogoRed C6.DatosCobertura 
283: C2.CalculadorDistancia C2.ResolucionDirecciones C4.CoberturaFibra C5.CatalogoRed C8.Factibilidad 
284: C2.CalculadorDistancia C2.ResolucionDirecciones C4.CoberturaFibra C6.DatosCobertura 
285: C2.CalculadorDistancia C2.ResolucionDirecciones C4.CoberturaFibra C6.DatosCobertura C8.Factibilidad 
286: C2.CalculadorDistancia C2.ResolucionDirecciones C4.CoberturaFibra C8.Factibilidad 
287: C2.CalculadorDistancia C2.ResolucionDirecciones C4.CatalogoRed 
288: C2.CalculadorDistancia C2.ResolucionDirecciones C4.CatalogoRed C4.CoberturaFibra 
289: C2.CalculadorDistancia C2.ResolucionDirecciones C4.CatalogoRed C4.CoberturaFibra C6.DatosCobertura 
291: C2.CalculadorDistancia C2.ResolucionDirecciones C4.CatalogoRed C4.CoberturaFibra C8.Factibilidad 
292: C2.CalculadorDistancia C2.ResolucionDirecciones C4.CatalogoRed C6.DatosCobertura 
293: C2.CalculadorDistancia C2.ResolucionDirecciones C4.CatalogoRed C6.DatosCobertura C8.Factibilidad 
294: C2.CalculadorDistancia C2.ResolucionDirecciones C4.CatalogoRed C8.Factibilidad 
295: C2.CalculadorDistancia C2.ResolucionDirecciones C5.CatalogoRed 
296: C2.CalculadorDistancia C2.ResolucionDirecciones C5.CatalogoRed C6.DatosCobertura 
297: C2.CalculadorDistancia C2.ResolucionDirecciones C5.CatalogoRed C6.DatosCobertura C8.Factibilidad 
298: C2.CalculadorDistancia C2.ResolucionDirecciones C5.CatalogoRed C8.Factibilidad 
299: C2.CalculadorDistancia C2.ResolucionDirecciones C6.DatosCobertura 
300: C2.CalculadorDistancia C2.ResolucionDirecciones C6.DatosCobertura C8.Factibilidad 
301: C2.CalculadorDistancia C2.ResolucionDirecciones C8.Factibilidad 
302: C2.CalculadorDistancia C3.CoberturaFibra 
303: C2.CalculadorDistancia C3.CoberturaFibra C4.CatalogoRed 
304: C2.CalculadorDistancia C3.CoberturaFibra C4.CatalogoRed C6.DatosCobertura 
305: C2.CalculadorDistancia C3.CoberturaFibra C4.CatalogoRed C6.DatosCobertura C8.Factibilidad 
306: C2.CalculadorDistancia C3.CoberturaFibra C4.CatalogoRed C8.Factibilidad 
307: C2.CalculadorDistancia C3.CoberturaFibra C5.CatalogoRed 
308: C2.CalculadorDistancia C3.CoberturaFibra C5.CatalogoRed C6.DatosCobertura 
309: C2.CalculadorDistancia C3.CoberturaFibra C5.CatalogoRed C6.DatosCobertura C8.Factibilidad 
310: C2.CalculadorDistancia C3.CoberturaFibra C5.CatalogoRed C8.Factibilidad 
311: C2.CalculadorDistancia C3.CoberturaFibra C6.DatosCobertura 
312: C2.CalculadorDistancia C3.CoberturaFibra C6.DatosCobertura C8.Factibilidad 
313: C2.CalculadorDistancia C3.CoberturaFibra C8.Factibilidad 
314: C2.CalculadorDistancia C4.CoberturaFibra 
315: C2.CalculadorDistancia C4.CoberturaFibra C4.CatalogoRed 
316: C2.CalculadorDistancia C4.CoberturaFibra C4.CatalogoRed C6.DatosCobertura 
317: C2.CalculadorDistancia C4.CoberturaFibra C4.CatalogoRed C6.DatosCobertura C8.Factibilidad 
318: C2.CalculadorDistancia C4.CoberturaFibra C4.CatalogoRed C8.Factibilidad 
319: C2.CalculadorDistancia C4.CoberturaFibra C5.CatalogoRed 
320: C2.CalculadorDistancia C4.CoberturaFibra C5.CatalogoRed C6.DatosCobertura 
321: C2.CalculadorDistancia C4.CoberturaFibra C5.CatalogoRed C6.DatosCobertura C8.Factibilidad 
322: C2.CalculadorDistancia C4.CoberturaFibra C5.CatalogoRed C8.Factibilidad 
323: C2.CalculadorDistancia C4.CoberturaFibra C6.DatosCobertura 
324: C2.CalculadorDistancia C4.CoberturaFibra C6.DatosCobertura C8.Factibilidad 
325: C2.CalculadorDistancia C4.CoberturaFibra C8.Factibilidad 
326: C2.CalculadorDistancia C4.CatalogoRed 
327: C2.CalculadorDistancia C4.CatalogoRed C4.CoberturaFibra 
328: C2.CalculadorDistancia C4.CatalogoRed C4.CoberturaFibra C6.DatosCobertura 
329: C2.CalculadorDistancia C4.CatalogoRed C4.CoberturaFibra C6.DatosCobertura C8.Factibilidad 
330: C2.CalculadorDistancia C4.CatalogoRed C4.CoberturaFibra C8.Factibilidad 
331: C2.CalculadorDistancia C4.CatalogoRed C6.DatosCobertura 
332: C2.CalculadorDistancia C4.CatalogoRed C6.DatosCobertura C8.Factibilidad 
333: C2.CalculadorDistancia C4.CatalogoRed C8.Factibilidad 
334: C2.CalculadorDistancia C5.CatalogoRed 
335: C2.CalculadorDistancia C5.CatalogoRed C6.DatosCobertura 
336: C2.CalculadorDistancia C5.CatalogoRed C6.DatosCobertura C8.Factibilidad 
337: C2.CalculadorDistancia C5.CatalogoRed C8.Factibilidad 
338: C2.CalculadorDistancia C6.DatosCobertura 
339: C2.CalculadorDistancia C6.DatosCobertura C8.Factibilidad 
340: C2.CalculadorDistancia C8.Factibilidad 
341: C3.CoberturaFibra 
342: C3.CoberturaFibra C4.CatalogoRed 
343: C3.CoberturaFibra C4.CatalogoRed C6.DatosCobertura 
344: C3.CoberturaFibra C4.CatalogoRed C6.DatosCobertura C7.CalculadorDistancia 
345: C3.CoberturaFibra C4.CatalogoRed C6.DatosCobertura C7.CalculadorDistancia C8.Factibilidad 
346: C3.CoberturaFibra C4.CatalogoRed C6.DatosCobertura C8.Factibilidad 
347: C3.CoberturaFibra C4.CatalogoRed C7.CalculadorDistancia 
348: C3.CoberturaFibra C4.CatalogoRed C7.CalculadorDistancia C8.Factibilidad 
349: C3.CoberturaFibra C4.CatalogoRed C8.Factibilidad 
350: C3.CoberturaFibra C5.CatalogoRed 
351: C3.CoberturaFibra C5.CatalogoRed C6.DatosCobertura 
352: C3.CoberturaFibra C5.CatalogoRed C6.DatosCobertura C7.CalculadorDistancia 
353: C3.CoberturaFibra C5.CatalogoRed C6.DatosCobertura C7.CalculadorDistancia C8.Factibilidad 
354: C3.CoberturaFibra C5.CatalogoRed C6.DatosCobertura C8.Factibilidad 
355: C3.CoberturaFibra C5.CatalogoRed C7.CalculadorDistancia 
356: C3.CoberturaFibra C5.CatalogoRed C7.CalculadorDistancia C8.Factibilidad 
357: C3.CoberturaFibra C5.CatalogoRed C8.Factibilidad 
358: C3.CoberturaFibra C6.DatosCobertura 
359: C3.CoberturaFibra C6.DatosCobertura C7.CalculadorDistancia 
360: C3.CoberturaFibra C6.DatosCobertura C7.CalculadorDistancia C8.Factibilidad 
361: C3.CoberturaFibra C6.DatosCobertura C8.Factibilidad 
362: C3.CoberturaFibra C7.CalculadorDistancia 
363: C3.CoberturaFibra C7.CalculadorDistancia C8.Factibilidad 
364: C3.CoberturaFibra C8.Factibilidad 
365: C4.CoberturaFibra 
366: C4.CoberturaFibra C4.CatalogoRed 
367: C4.CoberturaFibra C4.CatalogoRed C6.DatosCobertura 
368: C4.CoberturaFibra C4.CatalogoRed C6.DatosCobertura C7.CalculadorDistancia 
369: C4.CoberturaFibra C4.CatalogoRed C6.DatosCobertura C7.CalculadorDistancia C8.Factibilidad 
370: C4.CoberturaFibra C4.CatalogoRed C6.DatosCobertura C8.Factibilidad 
371: C4.CoberturaFibra C4.CatalogoRed C7.CalculadorDistancia 
372: C4.CoberturaFibra C4.CatalogoRed C7.CalculadorDistancia C8.Factibilidad 
373: C4.CoberturaFibra C4.CatalogoRed C8.Factibilidad 
374: C4.CoberturaFibra C5.CatalogoRed 
375: C4.CoberturaFibra C5.CatalogoRed C6.DatosCobertura 
376: C4.CoberturaFibra C5.CatalogoRed C6.DatosCobertura C7.CalculadorDistancia 
377: C4.CoberturaFibra C5.CatalogoRed C6.DatosCobertura C7.CalculadorDistancia C8.Factibilidad 
378: C4.CoberturaFibra C5.CatalogoRed C6.DatosCobertura C8.Factibilidad 
379: C4.CoberturaFibra C5.CatalogoRed C7.CalculadorDistancia 
380: C4.CoberturaFibra C5.CatalogoRed C7.CalculadorDistancia C8.Factibilidad 
381: C4.CoberturaFibra C5.CatalogoRed C8.Factibilidad 
382: C4.CoberturaFibra C6.DatosCobertura 
383: C4.CoberturaFibra C6.DatosCobertura C7.CalculadorDistancia 
384: C4.CoberturaFibra C6.DatosCobertura C7.CalculadorDistancia C8.Factibilidad 
385: C4.CoberturaFibra C6.DatosCobertura C8.Factibilidad 
386: C4.CoberturaFibra C7.CalculadorDistancia 
387: C4.CoberturaFibra C7.CalculadorDistancia C8.Factibilidad 
388: C4.CoberturaFibra C8.Factibilidad 
389: C4.CatalogoRed 
390: C4.CatalogoRed C4.CoberturaFibra 
391: C4.CatalogoRed C4.CoberturaFibra C6.DatosCobertura 
392: C4.CatalogoRed C4.CoberturaFibra C6.DatosCobertura C7.CalculadorDistancia 
393: C4.CatalogoRed C4.CoberturaFibra C6.DatosCobertura C7.CalculadorDistancia C8.Factibilidad 
394: C4.CatalogoRed C4.CoberturaFibra C6.DatosCobertura C8.Factibilidad 
395: C4.CatalogoRed C4.CoberturaFibra C7.CalculadorDistancia 
396: C4.CatalogoRed C4.CoberturaFibra C7.CalculadorDistancia C8.Factibilidad 
397: C4.CatalogoRed C4.CoberturaFibra C8.Factibilidad 
398: C4.CatalogoRed C6.DatosCobertura 
399: C4.CatalogoRed C6.DatosCobertura C7.CalculadorDistancia 
400: C4.CatalogoRed C6.DatosCobertura C7.CalculadorDistancia C8.Factibilidad 
401: C4.CatalogoRed C6.DatosCobertura C8.Factibilidad 
402: C4.CatalogoRed C7.CalculadorDistancia 
403: C4.CatalogoRed C7.CalculadorDistancia C8.Factibilidad 
404: C4.CatalogoRed C8.Factibilidad 
405: C5.CatalogoRed 
406: C5.CatalogoRed C6.DatosCobertura 
407: C5.CatalogoRed C6.DatosCobertura C7.CalculadorDistancia 
408: C5.CatalogoRed C6.DatosCobertura C7.CalculadorDistancia C8.Factibilidad 
409: C5.CatalogoRed C6.DatosCobertura C8.Factibilidad 
410: C5.CatalogoRed C7.CalculadorDistancia 
411: C5.CatalogoRed C7.CalculadorDistancia C8.Factibilidad 
412: C5.CatalogoRed C8.Factibilidad 
413: C6.DatosCobertura 
414: C6.DatosCobertura C7.CalculadorDistancia 
415: C6.DatosCobertura C7.CalculadorDistancia C8.Factibilidad 
416: C6.DatosCobertura C8.Factibilidad 
417: C7.CalculadorDistancia 
418: C7.CalculadorDistancia C8.Factibilidad 
419: C8.Factibilidad 
