6: C1.Factibilidad C2.ResolucionDirecciones C2.CalculadorDistancia C3.CoberturaFibra C4.CatalogoRed C6.DatosCobertura 
8: C1.Factibilidad C2.ResolucionDirecciones C2.CalculadorDistancia C3.CoberturaFibra C5.CatalogoRed C6.DatosCobertura 
12: C1.Factibilidad C2.ResolucionDirecciones C2.CalculadorDistancia C4.CoberturaFibra C4.CatalogoRed C6.DatosCobertura 
14: C1.Factibilidad C2.ResolucionDirecciones C2.CalculadorDistancia C4.CoberturaFibra C5.CatalogoRed C6.DatosCobertura 
18: C1.Factibilidad C2.ResolucionDirecciones C2.CalculadorDistancia C4.CatalogoRed C4.CoberturaFibra C6.DatosCobertura 
26: C1.Factibilidad C2.ResolucionDirecciones C3.CoberturaFibra C4.CatalogoRed C6.DatosCobertura C7.CalculadorDistancia 
30: C1.Factibilidad C2.ResolucionDirecciones C3.CoberturaFibra C5.CatalogoRed C6.DatosCobertura C7.CalculadorDistancia 
38: C1.Factibilidad C2.ResolucionDirecciones C4.CoberturaFibra C4.CatalogoRed C6.DatosCobertura C7.CalculadorDistancia 
42: C1.Factibilidad C2.ResolucionDirecciones C4.CoberturaFibra C5.CatalogoRed C6.DatosCobertura C7.CalculadorDistancia 
50: C1.Factibilidad C2.ResolucionDirecciones C4.CatalogoRed C4.CoberturaFibra C6.DatosCobertura C7.CalculadorDistancia 
66: C1.Factibilidad C2.CalculadorDistancia C2.ResolucionDirecciones C3.CoberturaFibra C4.CatalogoRed C6.DatosCobertura 
68: C1.Factibilidad C2.CalculadorDistancia C2.ResolucionDirecciones C3.CoberturaFibra C5.CatalogoRed C6.DatosCobertura 
72: C1.Factibilidad C2.CalculadorDistancia C2.ResolucionDirecciones C4.CoberturaFibra C4.CatalogoRed C6.DatosCobertura 
74: C1.Factibilidad C2.CalculadorDistancia C2.ResolucionDirecciones C4.CoberturaFibra C5.CatalogoRed C6.DatosCobertura 
78: C1.Factibilidad C2.CalculadorDistancia C2.ResolucionDirecciones C4.CatalogoRed C4.CoberturaFibra C6.DatosCobertura 
146: C2.ResolucionDirecciones C2.CalculadorDistancia C3.CoberturaFibra C4.CatalogoRed C6.DatosCobertura C8.Factibilidad 
150: C2.ResolucionDirecciones C2.CalculadorDistancia C3.CoberturaFibra C5.CatalogoRed C6.DatosCobertura C8.Factibilidad 
158: C2.ResolucionDirecciones C2.CalculadorDistancia C4.CoberturaFibra C4.CatalogoRed C6.DatosCobertura C8.Factibilidad 
162: C2.ResolucionDirecciones C2.CalculadorDistancia C4.CoberturaFibra C5.CatalogoRed C6.DatosCobertura C8.Factibilidad 
170: C2.ResolucionDirecciones C2.CalculadorDistancia C4.CatalogoRed C4.CoberturaFibra C6.DatosCobertura C8.Factibilidad 
186: C2.ResolucionDirecciones C3.CoberturaFibra C4.CatalogoRed C6.DatosCobertura C7.CalculadorDistancia C8.Factibilidad 
194: C2.ResolucionDirecciones C3.CoberturaFibra C5.CatalogoRed C6.DatosCobertura C7.CalculadorDistancia C8.Factibilidad 
210: C2.ResolucionDirecciones C4.CoberturaFibra C4.CatalogoRed C6.DatosCobertura C7.CalculadorDistancia C8.Factibilidad 
218: C2.ResolucionDirecciones C4.CoberturaFibra C5.CatalogoRed C6.DatosCobertura C7.CalculadorDistancia C8.Factibilidad 
234: C2.ResolucionDirecciones C4.CatalogoRed C4.CoberturaFibra C6.DatosCobertura C7.CalculadorDistancia C8.Factibilidad 
266: C2.CalculadorDistancia C2.ResolucionDirecciones C3.CoberturaFibra C4.CatalogoRed C6.DatosCobertura C8.Factibilidad 
270: C2.CalculadorDistancia C2.ResolucionDirecciones C3.CoberturaFibra C5.CatalogoRed C6.DatosCobertura C8.Factibilidad 
278: C2.CalculadorDistancia C2.ResolucionDirecciones C4.CoberturaFibra C4.CatalogoRed C6.DatosCobertura C8.Factibilidad 
282: C2.CalculadorDistancia C2.ResolucionDirecciones C4.CoberturaFibra C5.CatalogoRed C6.DatosCobertura C8.Factibilidad 
290: C2.CalculadorDistancia C2.ResolucionDirecciones C4.CatalogoRed C4.CoberturaFibra C6.DatosCobertura C8.Factibilidad 
